<?xml version="1.0" encoding="UTF-8"?>
<!-- Generated by org.testng.reporters.JUnitXMLReporter -->
<testsuite hostname="Cognits-1" ignored="0" name="Default test" tests="11" failures="0" timestamp="06 oct 2017 21:22:10 GMT" time="135.407" errors="0">
  <testcase name="OpenBrowser" time="3.679" classname="Frenzy_Web.InitialConfigs"/>
  <testcase name="Test_SignUp" time="8.442" classname="Frenzy_Web.SignUp"/>
  <testcase name="LoginUser" time="3.103" classname="Frenzy_Web.Login"/>
  <testcase name="NavbarTest" time="5.804" classname="Frenzy_Web.Navbar"/>
  <testcase name="buttonsHome" time="3.439" classname="Frenzy_Web.Test_Buttons_Home"/>
  <testcase name="Categorias_Test" time="28.871" classname="Frenzy_Web.Categorias"/>
  <testcase name="QueEsFrenzy" time="4.891" classname="Frenzy_Web.Que_Es_Frenzy"/>
  <testcase name="Bits_Test" time="72.169" classname="Frenzy_Web.Bits"/>
  <testcase name="Premios_Test" time="2.891" classname="Frenzy_Web.Premios"/>
  <testcase name="Buttons_PlayStore_and_AppStore" time="0.536" classname="Frenzy_Web.PlayStore_and_Appstore"/>
  <testcase name="Footer_Test" time="1.259" classname="Frenzy_Web.Footer"/>
</testsuite> <!-- Default test -->
